# JRE version: OpenJDK Runtime Environment Temurin-17.0.7+7 (17.0.7+7) (build 17.0.7+7)
# Java VM: OpenJDK 64-Bit Server VM Temurin-17.0.7+7 (17.0.7+7, mixed mode, sharing, tiered, compressed oops, compressed class ptrs, g1 gc, windows-amd64)
GC Precious Log:
 CPUs: 16 total, 16 available
 Memory: 32509M
 Large Page Support: Disabled
 NUMA Support: Disabled
 Compressed Oops: Enabled (Zero based)
 Heap Region Size: 2M
 Heap Min Capacity: 512M
 Heap Initial Capacity: 512M
 Heap Max Capacity: 4072M
 Pre-touch: Disabled
 Parallel Workers: 13
 Concurrent Workers: 3
 Concurrent Refinement Workers: 13
 Periodic GC: Disabled
 String Deduplication is enabled
Heap:
 garbage-first heap   total 630784K, used 114748K [0x0000000701800000, 0x0000000800000000)
  region size 2048K, 15 young (30720K), 1 survivors (2048K)
 Metaspace       used 88765K, committed 89856K, reserved 1179648K
  class space    used 11667K, committed 12224K, reserved 1048576K
GC Heap History (20 events):
Event: 8729.168 GC heap before
{Heap before GC invocations=2460 (full 2101):
 garbage-first heap   total 524288K, used 89535K [0x0000000701800000, 0x0000000800000000)
  region size 2048K, 4 young (8192K), 0 survivors (0K)
 Metaspace       used 88755K, committed 89856K, reserved 1179648K
  class space    used 11667K, committed 12224K, reserved 1048576K
}
Event: 8729.219 GC heap after
{Heap after GC invocations=2461 (full 2102):
 garbage-first heap   total 524288K, used 83402K [0x0000000701800000, 0x0000000800000000)
  region size 2048K, 0 young (0K), 0 survivors (0K)
 Metaspace       used 88755K, committed 89856K, reserved 1179648K
  class space    used 11667K, committed 12224K, reserved 1048576K
}
Event: 8729.438 GC heap before
{Heap before GC invocations=2461 (full 2102):
 garbage-first heap   total 524288K, used 85450K [0x0000000701800000, 0x0000000800000000)
  region size 2048K, 2 young (4096K), 0 survivors (0K)
 Metaspace       used 88755K, committed 89856K, reserved 1179648K
  class space    used 11667K, committed 12224K, reserved 1048576K
}
Event: 8729.490 GC heap after
{Heap after GC invocations=2462 (full 2103):
 garbage-first heap   total 524288K, used 83386K [0x0000000701800000, 0x0000000800000000)
  region size 2048K, 0 young (0K), 0 survivors (0K)
 Metaspace       used 88755K, committed 89856K, reserved 1179648K
  class space    used 11667K, committed 12224K, reserved 1048576K
}
Event: 8742.167 GC heap before
{Heap before GC invocations=2462 (full 2103):
 garbage-first heap   total 524288K, used 165306K [0x0000000701800000, 0x0000000800000000)
  region size 2048K, 40 young (81920K), 0 survivors (0K)
 Metaspace       used 88755K, committed 89856K, reserved 1179648K
  class space    used 11667K, committed 12224K, reserved 1048576K
}
Event: 8742.168 GC heap after
{Heap after GC invocations=2463 (full 2103):
 garbage-first heap   total 524288K, used 83768K [0x0000000701800000, 0x0000000800000000)
  region size 2048K, 1 young (2048K), 1 survivors (2048K)
 Metaspace       used 88755K, committed 89856K, reserved 1179648K
  class space    used 11667K, committed 12224K, reserved 1048576K
}
Event: 8748.242 GC heap before
{Heap before GC invocations=2463 (full 2103):
 garbage-first heap   total 524288K, used 161592K [0x0000000701800000, 0x0000000800000000)
  region size 2048K, 39 young (79872K), 1 survivors (2048K)
 Metaspace       used 88763K, committed 89856K, reserved 1179648K
  class space    used 11667K, committed 12224K, reserved 1048576K
}
Event: 8748.297 GC heap after
{Heap after GC invocations=2464 (full 2104):
 garbage-first heap   total 524288K, used 83582K [0x0000000701800000, 0x0000000800000000)
  region size 2048K, 0 young (0K), 0 survivors (0K)
 Metaspace       used 88763K, committed 89856K, reserved 1179648K
  class space    used 11667K, committed 12224K, reserved 1048576K
}
Event: 8748.986 GC heap before
{Heap before GC invocations=2464 (full 2104):
 garbage-first heap   total 524288K, used 87678K [0x0000000701800000, 0x0000000800000000)
  region size 2048K, 2 young (4096K), 0 survivors (0K)
 Metaspace       used 88763K, committed 89856K, reserved 1179648K
  class space    used 11667K, committed 12224K, reserved 1048576K
}
Event: 8749.037 GC heap after
{Heap after GC invocations=2465 (full 2105):
 garbage-first heap   total 524288K, used 83471K [0x0000000701800000, 0x0000000800000000)
  region size 2048K, 0 young (0K), 0 survivors (0K)
 Metaspace       used 88763K, committed 89856K, reserved 1179648K
  class space    used 11667K, committed 12224K, reserved 1048576K
}
Event: 8749.492 GC heap before
{Heap before GC invocations=2465 (full 2105):
 garbage-first heap   total 524288K, used 85519K [0x0000000701800000, 0x0000000800000000)
  region size 2048K, 2 young (4096K), 0 survivors (0K)
 Metaspace       used 88763K, committed 89856K, reserved 1179648K
  class space    used 11667K, committed 12224K, reserved 1048576K
}
Event: 8749.545 GC heap after
{Heap after GC invocations=2466 (full 2106):
 garbage-first heap   total 524288K, used 83482K [0x0000000701800000, 0x0000000800000000)
  region size 2048K, 0 young (0K), 0 survivors (0K)
 Metaspace       used 88763K, committed 89856K, reserved 1179648K
  class space    used 11667K, committed 12224K, reserved 1048576K
}
Event: 8751.040 GC heap before
{Heap before GC invocations=2466 (full 2106):
 garbage-first heap   total 524288K, used 87578K [0x0000000701800000, 0x0000000800000000)
  region size 2048K, 2 young (4096K), 0 survivors (0K)
 Metaspace       used 88763K, committed 89856K, reserved 1179648K
  class space    used 11667K, committed 12224K, reserved 1048576K
}
Event: 8751.088 GC heap after
{Heap after GC invocations=2467 (full 2107):
 garbage-first heap   total 524288K, used 83471K [0x0000000701800000, 0x0000000800000000)
  region size 2048K, 0 young (0K), 0 survivors (0K)
 Metaspace       used 88763K, committed 89856K, reserved 1179648K
  class space    used 11667K, committed 12224K, reserved 1048576K
}
Event: 8751.436 GC heap before
{Heap before GC invocations=2467 (full 2107):
 garbage-first heap   total 524288K, used 85519K [0x0000000701800000, 0x0000000800000000)
  region size 2048K, 1 young (2048K), 0 survivors (0K)
 Metaspace       used 88763K, committed 89856K, reserved 1179648K
  class space    used 11667K, committed 12224K, reserved 1048576K
}
Event: 8751.487 GC heap after
{Heap after GC invocations=2468 (full 2108):
 garbage-first heap   total 524288K, used 83457K [0x0000000701800000, 0x0000000800000000)
  region size 2048K, 0 young (0K), 0 survivors (0K)
 Metaspace       used 88763K, committed 89856K, reserved 1179648K
  class space    used 11667K, committed 12224K, reserved 1048576K
}
Event: 8752.095 GC heap before
{Heap before GC invocations=2468 (full 2108):
 garbage-first heap   total 524288K, used 85505K [0x0000000701800000, 0x0000000800000000)
  region size 2048K, 2 young (4096K), 0 survivors (0K)
 Metaspace       used 88763K, committed 89856K, reserved 1179648K
  class space    used 11667K, committed 12224K, reserved 1048576K
}
Event: 8752.147 GC heap after
{Heap after GC invocations=2469 (full 2109):
 garbage-first heap   total 524288K, used 83459K [0x0000000701800000, 0x0000000800000000)
  region size 2048K, 0 young (0K), 0 survivors (0K)
 Metaspace       used 88763K, committed 89856K, reserved 1179648K
  class space    used 11667K, committed 12224K, reserved 1048576K
}
Event: 8763.310 GC heap before
{Heap before GC invocations=2469 (full 2109):
 garbage-first heap   total 524288K, used 169475K [0x0000000701800000, 0x0000000800000000)
  region size 2048K, 40 young (81920K), 0 survivors (0K)
 Metaspace       used 88764K, committed 89856K, reserved 1179648K
  class space    used 11667K, committed 12224K, reserved 1048576K
}
Event: 8763.313 GC heap after
{Heap after GC invocations=2470 (full 2109):
 garbage-first heap   total 630784K, used 88124K [0x0000000701800000, 0x0000000800000000)
  region size 2048K, 1 young (2048K), 1 survivors (2048K)
 Metaspace       used 88764K, committed 89856K, reserved 1179648K
  class space    used 11667K, committed 12224K, reserved 1048576K
}

