# JRE version: OpenJDK Runtime Environment Temurin-17.0.7+7 (17.0.7+7) (build 17.0.7+7)
# Java VM: OpenJDK 64-Bit Server VM Temurin-17.0.7+7 (17.0.7+7, mixed mode, sharing, tiered, compressed oops, compressed class ptrs, g1 gc, windows-amd64)
GC Precious Log:
 CPUs: 16 total, 16 available
 Memory: 32509M
 Large Page Support: Disabled
 NUMA Support: Disabled
 Compressed Oops: Enabled (Zero based)
 Heap Region Size: 2M
 Heap Min Capacity: 512M
 Heap Initial Capacity: 512M
 Heap Max Capacity: 4072M
 Pre-touch: Disabled
 Parallel Workers: 13
 Concurrent Workers: 3
 Concurrent Refinement Workers: 13
 Periodic GC: Disabled
 String Deduplication is enabled
Heap:
 garbage-first heap   total 524288K, used 149317K [0x0000000701800000, 0x0000000800000000)
  region size 2048K, 27 young (55296K), 2 survivors (4096K)
 Metaspace       used 88976K, committed 89792K, reserved 1179648K
  class space    used 12136K, committed 12544K, reserved 1048576K
GC Heap History (20 events):
Event: 1187.906 GC heap before
{Heap before GC invocations=401 (full 339):
 garbage-first heap   total 524288K, used 178220K [0x0000000701800000, 0x0000000800000000)
  region size 2048K, 40 young (81920K), 1 survivors (2048K)
 Metaspace       used 88802K, committed 89600K, reserved 1179648K
  class space    used 12134K, committed 12544K, reserved 1048576K
}
Event: 1187.909 GC heap after
{Heap after GC invocations=402 (full 339):
 garbage-first heap   total 524288K, used 98148K [0x0000000701800000, 0x0000000800000000)
  region size 2048K, 1 young (2048K), 1 survivors (2048K)
 Metaspace       used 88802K, committed 89600K, reserved 1179648K
  class space    used 12134K, committed 12544K, reserved 1048576K
}
Event: 1216.426 GC heap before
{Heap before GC invocations=402 (full 339):
 garbage-first heap   total 524288K, used 178020K [0x0000000701800000, 0x0000000800000000)
  region size 2048K, 40 young (81920K), 1 survivors (2048K)
 Metaspace       used 88810K, committed 89600K, reserved 1179648K
  class space    used 12135K, committed 12544K, reserved 1048576K
}
Event: 1216.427 GC heap after
{Heap after GC invocations=403 (full 339):
 garbage-first heap   total 524288K, used 98062K [0x0000000701800000, 0x0000000800000000)
  region size 2048K, 1 young (2048K), 1 survivors (2048K)
 Metaspace       used 88810K, committed 89600K, reserved 1179648K
  class space    used 12135K, committed 12544K, reserved 1048576K
}
Event: 1219.714 GC heap before
{Heap before GC invocations=403 (full 339):
 garbage-first heap   total 524288K, used 177934K [0x0000000701800000, 0x0000000800000000)
  region size 2048K, 40 young (81920K), 1 survivors (2048K)
 Metaspace       used 88830K, committed 89600K, reserved 1179648K
  class space    used 12136K, committed 12544K, reserved 1048576K
}
Event: 1219.716 GC heap after
{Heap after GC invocations=404 (full 339):
 garbage-first heap   total 524288K, used 99420K [0x0000000701800000, 0x0000000800000000)
  region size 2048K, 2 young (4096K), 2 survivors (4096K)
 Metaspace       used 88830K, committed 89600K, reserved 1179648K
  class space    used 12136K, committed 12544K, reserved 1048576K
}
Event: 1224.538 GC heap before
{Heap before GC invocations=404 (full 339):
 garbage-first heap   total 524288K, used 177244K [0x0000000701800000, 0x0000000800000000)
  region size 2048K, 40 young (81920K), 2 survivors (4096K)
 Metaspace       used 88835K, committed 89600K, reserved 1179648K
  class space    used 12136K, committed 12544K, reserved 1048576K
}
Event: 1224.541 GC heap after
{Heap after GC invocations=405 (full 339):
 garbage-first heap   total 524288K, used 99231K [0x0000000701800000, 0x0000000800000000)
  region size 2048K, 2 young (4096K), 2 survivors (4096K)
 Metaspace       used 88835K, committed 89600K, reserved 1179648K
  class space    used 12136K, committed 12544K, reserved 1048576K
}
Event: 1251.393 GC heap before
{Heap before GC invocations=405 (full 339):
 garbage-first heap   total 524288K, used 177055K [0x0000000701800000, 0x0000000800000000)
  region size 2048K, 40 young (81920K), 2 survivors (4096K)
 Metaspace       used 88846K, committed 89600K, reserved 1179648K
  class space    used 12136K, committed 12544K, reserved 1048576K
}
Event: 1251.395 GC heap after
{Heap after GC invocations=406 (full 339):
 garbage-first heap   total 524288K, used 99211K [0x0000000701800000, 0x0000000800000000)
  region size 2048K, 2 young (4096K), 2 survivors (4096K)
 Metaspace       used 88846K, committed 89600K, reserved 1179648K
  class space    used 12136K, committed 12544K, reserved 1048576K
}
Event: 1253.473 GC heap before
{Heap before GC invocations=406 (full 339):
 garbage-first heap   total 524288K, used 177035K [0x0000000701800000, 0x0000000800000000)
  region size 2048K, 40 young (81920K), 2 survivors (4096K)
 Metaspace       used 88864K, committed 89664K, reserved 1179648K
  class space    used 12136K, committed 12544K, reserved 1048576K
}
Event: 1253.476 GC heap after
{Heap after GC invocations=407 (full 339):
 garbage-first heap   total 524288K, used 99214K [0x0000000701800000, 0x0000000800000000)
  region size 2048K, 2 young (4096K), 2 survivors (4096K)
 Metaspace       used 88864K, committed 89664K, reserved 1179648K
  class space    used 12136K, committed 12544K, reserved 1048576K
}
Event: 1260.211 GC heap before
{Heap before GC invocations=407 (full 339):
 garbage-first heap   total 524288K, used 177038K [0x0000000701800000, 0x0000000800000000)
  region size 2048K, 40 young (81920K), 2 survivors (4096K)
 Metaspace       used 88881K, committed 89728K, reserved 1179648K
  class space    used 12136K, committed 12544K, reserved 1048576K
}
Event: 1260.214 GC heap after
{Heap after GC invocations=408 (full 339):
 garbage-first heap   total 524288K, used 99386K [0x0000000701800000, 0x0000000800000000)
  region size 2048K, 2 young (4096K), 2 survivors (4096K)
 Metaspace       used 88881K, committed 89728K, reserved 1179648K
  class space    used 12136K, committed 12544K, reserved 1048576K
}
Event: 1284.076 GC heap before
{Heap before GC invocations=408 (full 339):
 garbage-first heap   total 524288K, used 177210K [0x0000000701800000, 0x0000000800000000)
  region size 2048K, 40 young (81920K), 2 survivors (4096K)
 Metaspace       used 88921K, committed 89728K, reserved 1179648K
  class space    used 12136K, committed 12544K, reserved 1048576K
}
Event: 1284.078 GC heap after
{Heap after GC invocations=409 (full 339):
 garbage-first heap   total 524288K, used 99406K [0x0000000701800000, 0x0000000800000000)
  region size 2048K, 2 young (4096K), 2 survivors (4096K)
 Metaspace       used 88921K, committed 89728K, reserved 1179648K
  class space    used 12136K, committed 12544K, reserved 1048576K
}
Event: 1291.843 GC heap before
{Heap before GC invocations=409 (full 339):
 garbage-first heap   total 524288K, used 177230K [0x0000000701800000, 0x0000000800000000)
  region size 2048K, 40 young (81920K), 2 survivors (4096K)
 Metaspace       used 88955K, committed 89728K, reserved 1179648K
  class space    used 12136K, committed 12544K, reserved 1048576K
}
Event: 1291.844 GC heap after
{Heap after GC invocations=410 (full 339):
 garbage-first heap   total 524288K, used 99509K [0x0000000701800000, 0x0000000800000000)
  region size 2048K, 2 young (4096K), 2 survivors (4096K)
 Metaspace       used 88955K, committed 89728K, reserved 1179648K
  class space    used 12136K, committed 12544K, reserved 1048576K
}
Event: 1294.863 GC heap before
{Heap before GC invocations=410 (full 339):
 garbage-first heap   total 524288K, used 177333K [0x0000000701800000, 0x0000000800000000)
  region size 2048K, 40 young (81920K), 2 survivors (4096K)
 Metaspace       used 88975K, committed 89792K, reserved 1179648K
  class space    used 12136K, committed 12544K, reserved 1048576K
}
Event: 1294.865 GC heap after
{Heap after GC invocations=411 (full 339):
 garbage-first heap   total 524288K, used 100165K [0x0000000701800000, 0x0000000800000000)
  region size 2048K, 2 young (4096K), 2 survivors (4096K)
 Metaspace       used 88975K, committed 89792K, reserved 1179648K
  class space    used 12136K, committed 12544K, reserved 1048576K
}

