# JRE version: OpenJDK Runtime Environment Temurin-17.0.7+7 (17.0.7+7) (build 17.0.7+7)
# Java VM: OpenJDK 64-Bit Server VM Temurin-17.0.7+7 (17.0.7+7, mixed mode, sharing, tiered, compressed oops, compressed class ptrs, g1 gc, windows-amd64)
GC Precious Log:
 CPUs: 16 total, 16 available
 Memory: 32509M
 Large Page Support: Disabled
 NUMA Support: Disabled
 Compressed Oops: Enabled (Zero based)
 Heap Region Size: 2M
 Heap Min Capacity: 512M
 Heap Initial Capacity: 512M
 Heap Max Capacity: 4072M
 Pre-touch: Disabled
 Parallel Workers: 13
 Concurrent Workers: 3
 Concurrent Refinement Workers: 13
 Periodic GC: Disabled
 String Deduplication is enabled
Heap:
 garbage-first heap   total 524288K, used 164510K [0x0000000701800000, 0x0000000800000000)
  region size 2048K, 34 young (69632K), 1 survivors (2048K)
 Metaspace       used 90816K, committed 91648K, reserved 1179648K
  class space    used 12258K, committed 12736K, reserved 1048576K
GC Heap History (20 events):
Event: 11160.676 GC heap before
{Heap before GC invocations=356 (full 209):
 garbage-first heap   total 1345536K, used 106576K [0x0000000701800000, 0x0000000800000000)
  region size 2048K, 3 young (6144K), 1 survivors (2048K)
 Metaspace       used 90809K, committed 91648K, reserved 1179648K
  class space    used 12258K, committed 12736K, reserved 1048576K
}
Event: 11160.726 GC heap after
{Heap after GC invocations=357 (full 210):
 garbage-first heap   total 524288K, used 96297K [0x0000000701800000, 0x0000000800000000)
  region size 2048K, 0 young (0K), 0 survivors (0K)
 Metaspace       used 90809K, committed 91648K, reserved 1179648K
  class space    used 12258K, committed 12736K, reserved 1048576K
}
Event: 11161.968 GC heap before
{Heap before GC invocations=357 (full 210):
 garbage-first heap   total 524288K, used 104489K [0x0000000701800000, 0x0000000800000000)
  region size 2048K, 3 young (6144K), 0 survivors (0K)
 Metaspace       used 90809K, committed 91648K, reserved 1179648K
  class space    used 12258K, committed 12736K, reserved 1048576K
}
Event: 11162.017 GC heap after
{Heap after GC invocations=358 (full 211):
 garbage-first heap   total 524288K, used 96306K [0x0000000701800000, 0x0000000800000000)
  region size 2048K, 0 young (0K), 0 survivors (0K)
 Metaspace       used 90809K, committed 91648K, reserved 1179648K
  class space    used 12258K, committed 12736K, reserved 1048576K
}
Event: 11162.569 GC heap before
{Heap before GC invocations=358 (full 211):
 garbage-first heap   total 524288K, used 102450K [0x0000000701800000, 0x0000000800000000)
  region size 2048K, 3 young (6144K), 0 survivors (0K)
 Metaspace       used 90809K, committed 91648K, reserved 1179648K
  class space    used 12258K, committed 12736K, reserved 1048576K
}
Event: 11162.618 GC heap after
{Heap after GC invocations=359 (full 212):
 garbage-first heap   total 524288K, used 96381K [0x0000000701800000, 0x0000000800000000)
  region size 2048K, 0 young (0K), 0 survivors (0K)
 Metaspace       used 90809K, committed 91648K, reserved 1179648K
  class space    used 12258K, committed 12736K, reserved 1048576K
}
Event: 11162.936 GC heap before
{Heap before GC invocations=359 (full 212):
 garbage-first heap   total 524288K, used 100477K [0x0000000701800000, 0x0000000800000000)
  region size 2048K, 3 young (6144K), 0 survivors (0K)
 Metaspace       used 90809K, committed 91648K, reserved 1179648K
  class space    used 12258K, committed 12736K, reserved 1048576K
}
Event: 11162.985 GC heap after
{Heap after GC invocations=360 (full 213):
 garbage-first heap   total 524288K, used 96344K [0x0000000701800000, 0x0000000800000000)
  region size 2048K, 0 young (0K), 0 survivors (0K)
 Metaspace       used 90809K, committed 91648K, reserved 1179648K
  class space    used 12258K, committed 12736K, reserved 1048576K
}
Event: 11163.392 GC heap before
{Heap before GC invocations=360 (full 213):
 garbage-first heap   total 524288K, used 100440K [0x0000000701800000, 0x0000000800000000)
  region size 2048K, 3 young (6144K), 0 survivors (0K)
 Metaspace       used 90809K, committed 91648K, reserved 1179648K
  class space    used 12258K, committed 12736K, reserved 1048576K
}
Event: 11163.442 GC heap after
{Heap after GC invocations=361 (full 214):
 garbage-first heap   total 524288K, used 96380K [0x0000000701800000, 0x0000000800000000)
  region size 2048K, 0 young (0K), 0 survivors (0K)
 Metaspace       used 90809K, committed 91648K, reserved 1179648K
  class space    used 12258K, committed 12736K, reserved 1048576K
}
Event: 11164.613 GC heap before
{Heap before GC invocations=361 (full 214):
 garbage-first heap   total 524288K, used 102524K [0x0000000701800000, 0x0000000800000000)
  region size 2048K, 4 young (8192K), 0 survivors (0K)
 Metaspace       used 90809K, committed 91648K, reserved 1179648K
  class space    used 12258K, committed 12736K, reserved 1048576K
}
Event: 11164.662 GC heap after
{Heap after GC invocations=362 (full 215):
 garbage-first heap   total 524288K, used 96359K [0x0000000701800000, 0x0000000800000000)
  region size 2048K, 0 young (0K), 0 survivors (0K)
 Metaspace       used 90809K, committed 91648K, reserved 1179648K
  class space    used 12258K, committed 12736K, reserved 1048576K
}
Event: 11168.652 GC heap before
{Heap before GC invocations=362 (full 215):
 garbage-first heap   total 524288K, used 112743K [0x0000000701800000, 0x0000000800000000)
  region size 2048K, 9 young (18432K), 0 survivors (0K)
 Metaspace       used 90809K, committed 91648K, reserved 1179648K
  class space    used 12258K, committed 12736K, reserved 1048576K
}
Event: 11168.700 GC heap after
{Heap after GC invocations=363 (full 216):
 garbage-first heap   total 524288K, used 96339K [0x0000000701800000, 0x0000000800000000)
  region size 2048K, 0 young (0K), 0 survivors (0K)
 Metaspace       used 90809K, committed 91648K, reserved 1179648K
  class space    used 12258K, committed 12736K, reserved 1048576K
}
Event: 11169.942 GC heap before
{Heap before GC invocations=363 (full 216):
 garbage-first heap   total 524288K, used 100435K [0x0000000701800000, 0x0000000800000000)
  region size 2048K, 2 young (4096K), 0 survivors (0K)
 Metaspace       used 90810K, committed 91648K, reserved 1179648K
  class space    used 12258K, committed 12736K, reserved 1048576K
}
Event: 11169.991 GC heap after
{Heap after GC invocations=364 (full 217):
 garbage-first heap   total 524288K, used 96322K [0x0000000701800000, 0x0000000800000000)
  region size 2048K, 0 young (0K), 0 survivors (0K)
 Metaspace       used 90810K, committed 91648K, reserved 1179648K
  class space    used 12258K, committed 12736K, reserved 1048576K
}
Event: 11170.414 GC heap before
{Heap before GC invocations=364 (full 217):
 garbage-first heap   total 524288K, used 100418K [0x0000000701800000, 0x0000000800000000)
  region size 2048K, 2 young (4096K), 0 survivors (0K)
 Metaspace       used 90810K, committed 91648K, reserved 1179648K
  class space    used 12258K, committed 12736K, reserved 1048576K
}
Event: 11170.463 GC heap after
{Heap after GC invocations=365 (full 218):
 garbage-first heap   total 524288K, used 96397K [0x0000000701800000, 0x0000000800000000)
  region size 2048K, 0 young (0K), 0 survivors (0K)
 Metaspace       used 90810K, committed 91648K, reserved 1179648K
  class space    used 12258K, committed 12736K, reserved 1048576K
}
Event: 11187.203 GC heap before
{Heap before GC invocations=365 (full 218):
 garbage-first heap   total 524288K, used 180365K [0x0000000701800000, 0x0000000800000000)
  region size 2048K, 40 young (81920K), 0 survivors (0K)
 Metaspace       used 90812K, committed 91648K, reserved 1179648K
  class space    used 12258K, committed 12736K, reserved 1048576K
}
Event: 11187.205 GC heap after
{Heap after GC invocations=366 (full 218):
 garbage-first heap   total 524288K, used 98974K [0x0000000701800000, 0x0000000800000000)
  region size 2048K, 1 young (2048K), 1 survivors (2048K)
 Metaspace       used 90812K, committed 91648K, reserved 1179648K
  class space    used 12258K, committed 12736K, reserved 1048576K
}

