# JRE version: OpenJDK Runtime Environment Temurin-17.0.7+7 (17.0.7+7) (build 17.0.7+7)
# Java VM: OpenJDK 64-Bit Server VM Temurin-17.0.7+7 (17.0.7+7, mixed mode, sharing, tiered, compressed oops, compressed class ptrs, g1 gc, windows-amd64)
GC Precious Log:
 CPUs: 16 total, 16 available
 Memory: 32509M
 Large Page Support: Disabled
 NUMA Support: Disabled
 Compressed Oops: Enabled (Zero based)
 Heap Region Size: 2M
 Heap Min Capacity: 512M
 Heap Initial Capacity: 512M
 Heap Max Capacity: 4072M
 Pre-touch: Disabled
 Parallel Workers: 13
 Concurrent Workers: 3
 Concurrent Refinement Workers: 13
 Periodic GC: Disabled
 String Deduplication is enabled
Heap:
 garbage-first heap   total 524288K, used 141888K [0x0000000701800000, 0x0000000800000000)
  region size 2048K, 26 young (53248K), 3 survivors (6144K)
 Metaspace       used 78121K, committed 78784K, reserved 1179648K
  class space    used 10849K, committed 11200K, reserved 1048576K
GC Heap History (20 events):
Event: 53.012 GC heap before
{Heap before GC invocations=16 (full 1):
 garbage-first heap   total 524288K, used 167540K [0x0000000701800000, 0x0000000800000000)
  region size 2048K, 40 young (81920K), 4 survivors (8192K)
 Metaspace       used 75721K, committed 76288K, reserved 1114112K
  class space    used 10720K, committed 11008K, reserved 1048576K
}
Event: 53.015 GC heap after
{Heap after GC invocations=17 (full 1):
 garbage-first heap   total 524288K, used 94159K [0x0000000701800000, 0x0000000800000000)
  region size 2048K, 3 young (6144K), 3 survivors (6144K)
 Metaspace       used 75721K, committed 76288K, reserved 1114112K
  class space    used 10720K, committed 11008K, reserved 1048576K
}
Event: 68.337 GC heap before
{Heap before GC invocations=17 (full 1):
 garbage-first heap   total 524288K, used 169935K [0x0000000701800000, 0x0000000800000000)
  region size 2048K, 40 young (81920K), 3 survivors (6144K)
 Metaspace       used 76529K, committed 77120K, reserved 1179648K
  class space    used 10774K, committed 11072K, reserved 1048576K
}
Event: 68.339 GC heap after
{Heap after GC invocations=18 (full 1):
 garbage-first heap   total 524288K, used 94782K [0x0000000701800000, 0x0000000800000000)
  region size 2048K, 3 young (6144K), 3 survivors (6144K)
 Metaspace       used 76529K, committed 77120K, reserved 1179648K
  class space    used 10774K, committed 11072K, reserved 1048576K
}
Event: 74.729 GC heap before
{Heap before GC invocations=18 (full 1):
 garbage-first heap   total 524288K, used 170558K [0x0000000701800000, 0x0000000800000000)
  region size 2048K, 40 young (81920K), 3 survivors (6144K)
 Metaspace       used 76974K, committed 77632K, reserved 1179648K
  class space    used 10809K, committed 11136K, reserved 1048576K
}
Event: 74.731 GC heap after
{Heap after GC invocations=19 (full 1):
 garbage-first heap   total 524288K, used 95256K [0x0000000701800000, 0x0000000800000000)
  region size 2048K, 3 young (6144K), 3 survivors (6144K)
 Metaspace       used 76974K, committed 77632K, reserved 1179648K
  class space    used 10809K, committed 11136K, reserved 1048576K
}
Event: 77.229 GC heap before
{Heap before GC invocations=19 (full 1):
 garbage-first heap   total 524288K, used 171032K [0x0000000701800000, 0x0000000800000000)
  region size 2048K, 40 young (81920K), 3 survivors (6144K)
 Metaspace       used 77227K, committed 77824K, reserved 1179648K
  class space    used 10820K, committed 11136K, reserved 1048576K
}
Event: 77.232 GC heap after
{Heap after GC invocations=20 (full 1):
 garbage-first heap   total 524288K, used 95222K [0x0000000701800000, 0x0000000800000000)
  region size 2048K, 3 young (6144K), 3 survivors (6144K)
 Metaspace       used 77227K, committed 77824K, reserved 1179648K
  class space    used 10820K, committed 11136K, reserved 1048576K
}
Event: 80.997 GC heap before
{Heap before GC invocations=20 (full 1):
 garbage-first heap   total 524288K, used 170998K [0x0000000701800000, 0x0000000800000000)
  region size 2048K, 40 young (81920K), 3 survivors (6144K)
 Metaspace       used 77532K, committed 78208K, reserved 1179648K
  class space    used 10847K, committed 11200K, reserved 1048576K
}
Event: 81.000 GC heap after
{Heap after GC invocations=21 (full 1):
 garbage-first heap   total 524288K, used 95860K [0x0000000701800000, 0x0000000800000000)
  region size 2048K, 3 young (6144K), 3 survivors (6144K)
 Metaspace       used 77532K, committed 78208K, reserved 1179648K
  class space    used 10847K, committed 11200K, reserved 1048576K
}
Event: 88.803 GC heap before
{Heap before GC invocations=21 (full 1):
 garbage-first heap   total 524288K, used 171636K [0x0000000701800000, 0x0000000800000000)
  region size 2048K, 40 young (81920K), 3 survivors (6144K)
 Metaspace       used 77780K, committed 78464K, reserved 1179648K
  class space    used 10848K, committed 11200K, reserved 1048576K
}
Event: 88.806 GC heap after
{Heap after GC invocations=22 (full 1):
 garbage-first heap   total 524288K, used 96584K [0x0000000701800000, 0x0000000800000000)
  region size 2048K, 2 young (4096K), 2 survivors (4096K)
 Metaspace       used 77780K, committed 78464K, reserved 1179648K
  class space    used 10848K, committed 11200K, reserved 1048576K
}
Event: 95.352 GC heap before
{Heap before GC invocations=22 (full 1):
 garbage-first heap   total 524288K, used 174408K [0x0000000701800000, 0x0000000800000000)
  region size 2048K, 40 young (81920K), 2 survivors (4096K)
 Metaspace       used 77865K, committed 78528K, reserved 1179648K
  class space    used 10849K, committed 11200K, reserved 1048576K
}
Event: 95.354 GC heap after
{Heap after GC invocations=23 (full 1):
 garbage-first heap   total 524288K, used 96559K [0x0000000701800000, 0x0000000800000000)
  region size 2048K, 2 young (4096K), 2 survivors (4096K)
 Metaspace       used 77865K, committed 78528K, reserved 1179648K
  class space    used 10849K, committed 11200K, reserved 1048576K
}
Event: 97.319 GC heap before
{Heap before GC invocations=23 (full 1):
 garbage-first heap   total 524288K, used 174383K [0x0000000701800000, 0x0000000800000000)
  region size 2048K, 40 young (81920K), 2 survivors (4096K)
 Metaspace       used 77895K, committed 78528K, reserved 1179648K
  class space    used 10849K, committed 11200K, reserved 1048576K
}
Event: 97.322 GC heap after
{Heap after GC invocations=24 (full 1):
 garbage-first heap   total 524288K, used 96731K [0x0000000701800000, 0x0000000800000000)
  region size 2048K, 2 young (4096K), 2 survivors (4096K)
 Metaspace       used 77895K, committed 78528K, reserved 1179648K
  class space    used 10849K, committed 11200K, reserved 1048576K
}
Event: 103.325 GC heap before
{Heap before GC invocations=24 (full 1):
 garbage-first heap   total 524288K, used 174555K [0x0000000701800000, 0x0000000800000000)
  region size 2048K, 40 young (81920K), 2 survivors (4096K)
 Metaspace       used 77982K, committed 78656K, reserved 1179648K
  class space    used 10849K, committed 11200K, reserved 1048576K
}
Event: 103.327 GC heap after
{Heap after GC invocations=25 (full 1):
 garbage-first heap   total 524288K, used 96328K [0x0000000701800000, 0x0000000800000000)
  region size 2048K, 2 young (4096K), 2 survivors (4096K)
 Metaspace       used 77982K, committed 78656K, reserved 1179648K
  class space    used 10849K, committed 11200K, reserved 1048576K
}
Event: 105.355 GC heap before
{Heap before GC invocations=25 (full 1):
 garbage-first heap   total 524288K, used 174152K [0x0000000701800000, 0x0000000800000000)
  region size 2048K, 40 young (81920K), 2 survivors (4096K)
 Metaspace       used 78043K, committed 78720K, reserved 1179648K
  class space    used 10849K, committed 11200K, reserved 1048576K
}
Event: 105.357 GC heap after
{Heap after GC invocations=26 (full 1):
 garbage-first heap   total 524288K, used 96832K [0x0000000701800000, 0x0000000800000000)
  region size 2048K, 3 young (6144K), 3 survivors (6144K)
 Metaspace       used 78043K, committed 78720K, reserved 1179648K
  class space    used 10849K, committed 11200K, reserved 1048576K
}

