# JRE version: OpenJDK Runtime Environment Temurin-17.0.7+7 (17.0.7+7) (build 17.0.7+7)
# Java VM: OpenJDK 64-Bit Server VM Temurin-17.0.7+7 (17.0.7+7, mixed mode, sharing, tiered, compressed oops, compressed class ptrs, g1 gc, windows-amd64)
GC Precious Log:
 CPUs: 16 total, 16 available
 Memory: 32509M
 Large Page Support: Disabled
 NUMA Support: Disabled
 Compressed Oops: Enabled (Zero based)
 Heap Region Size: 2M
 Heap Min Capacity: 512M
 Heap Initial Capacity: 512M
 Heap Max Capacity: 4072M
 Pre-touch: Disabled
 Parallel Workers: 13
 Concurrent Workers: 3
 Concurrent Refinement Workers: 13
 Periodic GC: Disabled
 String Deduplication is enabled
Heap:
 garbage-first heap   total 524288K, used 150033K [0x0000000701800000, 0x0000000800000000)
  region size 2048K, 29 young (59392K), 3 survivors (6144K)
 Metaspace       used 78627K, committed 79296K, reserved 1179648K
  class space    used 10919K, committed 11264K, reserved 1048576K
GC Heap History (20 events):
Event: 32.412 GC heap before
{Heap before GC invocations=15 (full 1):
 garbage-first heap   total 524288K, used 171442K [0x0000000701800000, 0x0000000800000000)
  region size 2048K, 40 young (81920K), 3 survivors (6144K)
 Metaspace       used 75816K, committed 76416K, reserved 1114112K
  class space    used 10698K, committed 11008K, reserved 1048576K
}
Event: 32.415 GC heap after
{Heap after GC invocations=16 (full 1):
 garbage-first heap   total 524288K, used 96450K [0x0000000701800000, 0x0000000800000000)
  region size 2048K, 2 young (4096K), 2 survivors (4096K)
 Metaspace       used 75816K, committed 76416K, reserved 1114112K
  class space    used 10698K, committed 11008K, reserved 1048576K
}
Event: 50.955 GC heap before
{Heap before GC invocations=16 (full 1):
 garbage-first heap   total 524288K, used 174274K [0x0000000701800000, 0x0000000800000000)
  region size 2048K, 40 young (81920K), 2 survivors (4096K)
 Metaspace       used 76337K, committed 76992K, reserved 1179648K
  class space    used 10739K, committed 11072K, reserved 1048576K
}
Event: 50.957 GC heap after
{Heap after GC invocations=17 (full 1):
 garbage-first heap   total 524288K, used 96510K [0x0000000701800000, 0x0000000800000000)
  region size 2048K, 3 young (6144K), 3 survivors (6144K)
 Metaspace       used 76337K, committed 76992K, reserved 1179648K
  class space    used 10739K, committed 11072K, reserved 1048576K
}
Event: 68.625 GC heap before
{Heap before GC invocations=17 (full 1):
 garbage-first heap   total 524288K, used 172286K [0x0000000701800000, 0x0000000800000000)
  region size 2048K, 40 young (81920K), 3 survivors (6144K)
 Metaspace       used 76899K, committed 77568K, reserved 1179648K
  class space    used 10796K, committed 11136K, reserved 1048576K
}
Event: 68.628 GC heap after
{Heap after GC invocations=18 (full 1):
 garbage-first heap   total 524288K, used 97237K [0x0000000701800000, 0x0000000800000000)
  region size 2048K, 3 young (6144K), 3 survivors (6144K)
 Metaspace       used 76899K, committed 77568K, reserved 1179648K
  class space    used 10796K, committed 11136K, reserved 1048576K
}
Event: 70.711 GC heap before
{Heap before GC invocations=18 (full 1):
 garbage-first heap   total 524288K, used 173013K [0x0000000701800000, 0x0000000800000000)
  region size 2048K, 40 young (81920K), 3 survivors (6144K)
 Metaspace       used 76986K, committed 77696K, reserved 1179648K
  class space    used 10798K, committed 11136K, reserved 1048576K
}
Event: 70.714 GC heap after
{Heap after GC invocations=19 (full 1):
 garbage-first heap   total 524288K, used 97108K [0x0000000701800000, 0x0000000800000000)
  region size 2048K, 3 young (6144K), 3 survivors (6144K)
 Metaspace       used 76986K, committed 77696K, reserved 1179648K
  class space    used 10798K, committed 11136K, reserved 1048576K
}
Event: 73.716 GC heap before
{Heap before GC invocations=19 (full 1):
 garbage-first heap   total 524288K, used 172884K [0x0000000701800000, 0x0000000800000000)
  region size 2048K, 40 young (81920K), 3 survivors (6144K)
 Metaspace       used 77165K, committed 77824K, reserved 1179648K
  class space    used 10814K, committed 11136K, reserved 1048576K
}
Event: 73.719 GC heap after
{Heap after GC invocations=20 (full 1):
 garbage-first heap   total 524288K, used 97291K [0x0000000701800000, 0x0000000800000000)
  region size 2048K, 3 young (6144K), 3 survivors (6144K)
 Metaspace       used 77165K, committed 77824K, reserved 1179648K
  class space    used 10814K, committed 11136K, reserved 1048576K
}
Event: 78.263 GC heap before
{Heap before GC invocations=20 (full 1):
 garbage-first heap   total 524288K, used 173067K [0x0000000701800000, 0x0000000800000000)
  region size 2048K, 40 young (81920K), 3 survivors (6144K)
 Metaspace       used 77398K, committed 78016K, reserved 1179648K
  class space    used 10831K, committed 11136K, reserved 1048576K
}
Event: 78.265 GC heap after
{Heap after GC invocations=21 (full 1):
 garbage-first heap   total 524288K, used 97805K [0x0000000701800000, 0x0000000800000000)
  region size 2048K, 3 young (6144K), 3 survivors (6144K)
 Metaspace       used 77398K, committed 78016K, reserved 1179648K
  class space    used 10831K, committed 11136K, reserved 1048576K
}
Event: 90.553 GC heap before
{Heap before GC invocations=21 (full 1):
 garbage-first heap   total 524288K, used 173581K [0x0000000701800000, 0x0000000800000000)
  region size 2048K, 40 young (81920K), 3 survivors (6144K)
 Metaspace       used 77558K, committed 78208K, reserved 1179648K
  class space    used 10831K, committed 11136K, reserved 1048576K
}
Event: 90.555 GC heap after
{Heap after GC invocations=22 (full 1):
 garbage-first heap   total 524288K, used 97859K [0x0000000701800000, 0x0000000800000000)
  region size 2048K, 3 young (6144K), 3 survivors (6144K)
 Metaspace       used 77558K, committed 78208K, reserved 1179648K
  class space    used 10831K, committed 11136K, reserved 1048576K
}
Event: 99.186 GC heap before
{Heap before GC invocations=22 (full 1):
 garbage-first heap   total 524288K, used 173635K [0x0000000701800000, 0x0000000800000000)
  region size 2048K, 40 young (81920K), 3 survivors (6144K)
 Metaspace       used 77939K, committed 78592K, reserved 1179648K
  class space    used 10874K, committed 11200K, reserved 1048576K
}
Event: 99.189 GC heap after
{Heap after GC invocations=23 (full 1):
 garbage-first heap   total 524288K, used 97908K [0x0000000701800000, 0x0000000800000000)
  region size 2048K, 3 young (6144K), 3 survivors (6144K)
 Metaspace       used 77939K, committed 78592K, reserved 1179648K
  class space    used 10874K, committed 11200K, reserved 1048576K
}
Event: 130.481 GC heap before
{Heap before GC invocations=23 (full 1):
 garbage-first heap   total 524288K, used 173684K [0x0000000701800000, 0x0000000800000000)
  region size 2048K, 41 young (83968K), 3 survivors (6144K)
 Metaspace       used 78467K, committed 79168K, reserved 1179648K
  class space    used 10919K, committed 11264K, reserved 1048576K
}
Event: 130.484 GC heap after
{Heap after GC invocations=24 (full 1):
 garbage-first heap   total 524288K, used 98593K [0x0000000701800000, 0x0000000800000000)
  region size 2048K, 3 young (6144K), 3 survivors (6144K)
 Metaspace       used 78467K, committed 79168K, reserved 1179648K
  class space    used 10919K, committed 11264K, reserved 1048576K
}
Event: 132.653 GC heap before
{Heap before GC invocations=24 (full 1):
 garbage-first heap   total 524288K, used 174369K [0x0000000701800000, 0x0000000800000000)
  region size 2048K, 40 young (81920K), 3 survivors (6144K)
 Metaspace       used 78568K, committed 79296K, reserved 1179648K
  class space    used 10919K, committed 11264K, reserved 1048576K
}
Event: 132.655 GC heap after
{Heap after GC invocations=25 (full 1):
 garbage-first heap   total 524288K, used 98833K [0x0000000701800000, 0x0000000800000000)
  region size 2048K, 3 young (6144K), 3 survivors (6144K)
 Metaspace       used 78568K, committed 79296K, reserved 1179648K
  class space    used 10919K, committed 11264K, reserved 1048576K
}

