# JRE version: OpenJDK Runtime Environment Temurin-17.0.7+7 (17.0.7+7) (build 17.0.7+7)
# Java VM: OpenJDK 64-Bit Server VM Temurin-17.0.7+7 (17.0.7+7, mixed mode, sharing, tiered, compressed oops, compressed class ptrs, g1 gc, windows-amd64)
GC Precious Log:
 CPUs: 16 total, 16 available
 Memory: 32509M
 Large Page Support: Disabled
 NUMA Support: Disabled
 Compressed Oops: Enabled (Zero based)
 Heap Region Size: 2M
 Heap Min Capacity: 512M
 Heap Initial Capacity: 512M
 Heap Max Capacity: 4072M
 Pre-touch: Disabled
 Parallel Workers: 13
 Concurrent Workers: 3
 Concurrent Refinement Workers: 13
 Periodic GC: Disabled
 String Deduplication is enabled
Heap:
 garbage-first heap   total 524288K, used 135837K [0x0000000701800000, 0x0000000800000000)
  region size 2048K, 22 young (45056K), 2 survivors (4096K)
 Metaspace       used 78382K, committed 79104K, reserved 1179648K
  class space    used 10850K, committed 11200K, reserved 1048576K
GC Heap History (20 events):
Event: 110.541 GC heap before
{Heap before GC invocations=26 (full 2):
 garbage-first heap   total 524288K, used 175174K [0x0000000701800000, 0x0000000800000000)
  region size 2048K, 40 young (81920K), 1 survivors (2048K)
 Metaspace       used 77392K, committed 78016K, reserved 1179648K
  class space    used 10806K, committed 11136K, reserved 1048576K
}
Event: 110.543 GC heap after
{Heap after GC invocations=27 (full 2):
 garbage-first heap   total 524288K, used 94879K [0x0000000701800000, 0x0000000800000000)
  region size 2048K, 1 young (2048K), 1 survivors (2048K)
 Metaspace       used 77392K, committed 78016K, reserved 1179648K
  class space    used 10806K, committed 11136K, reserved 1048576K
}
Event: 125.106 GC heap before
{Heap before GC invocations=27 (full 2):
 garbage-first heap   total 524288K, used 174751K [0x0000000701800000, 0x0000000800000000)
  region size 2048K, 40 young (81920K), 1 survivors (2048K)
 Metaspace       used 77567K, committed 78272K, reserved 1179648K
  class space    used 10806K, committed 11136K, reserved 1048576K
}
Event: 125.108 GC heap after
{Heap after GC invocations=28 (full 2):
 garbage-first heap   total 524288K, used 95176K [0x0000000701800000, 0x0000000800000000)
  region size 2048K, 1 young (2048K), 1 survivors (2048K)
 Metaspace       used 77567K, committed 78272K, reserved 1179648K
  class space    used 10806K, committed 11136K, reserved 1048576K
}
Event: 131.887 GC heap before
{Heap before GC invocations=28 (full 2):
 garbage-first heap   total 524288K, used 175048K [0x0000000701800000, 0x0000000800000000)
  region size 2048K, 41 young (83968K), 1 survivors (2048K)
 Metaspace       used 77612K, committed 78272K, reserved 1179648K
  class space    used 10806K, committed 11136K, reserved 1048576K
}
Event: 131.888 GC heap after
{Heap after GC invocations=29 (full 2):
 garbage-first heap   total 524288K, used 94859K [0x0000000701800000, 0x0000000800000000)
  region size 2048K, 1 young (2048K), 1 survivors (2048K)
 Metaspace       used 77612K, committed 78272K, reserved 1179648K
  class space    used 10806K, committed 11136K, reserved 1048576K
}
Event: 135.925 GC heap before
{Heap before GC invocations=29 (full 2):
 garbage-first heap   total 524288K, used 174731K [0x0000000701800000, 0x0000000800000000)
  region size 2048K, 40 young (81920K), 1 survivors (2048K)
 Metaspace       used 77653K, committed 78272K, reserved 1179648K
  class space    used 10807K, committed 11136K, reserved 1048576K
}
Event: 135.927 GC heap after
{Heap after GC invocations=30 (full 2):
 garbage-first heap   total 524288K, used 94849K [0x0000000701800000, 0x0000000800000000)
  region size 2048K, 1 young (2048K), 1 survivors (2048K)
 Metaspace       used 77653K, committed 78272K, reserved 1179648K
  class space    used 10807K, committed 11136K, reserved 1048576K
}
Event: 163.030 GC heap before
{Heap before GC invocations=30 (full 2):
 garbage-first heap   total 524288K, used 174721K [0x0000000701800000, 0x0000000800000000)
  region size 2048K, 40 young (81920K), 1 survivors (2048K)
 Metaspace       used 77677K, committed 78336K, reserved 1179648K
  class space    used 10807K, committed 11136K, reserved 1048576K
}
Event: 163.032 GC heap after
{Heap after GC invocations=31 (full 2):
 garbage-first heap   total 524288K, used 94910K [0x0000000701800000, 0x0000000800000000)
  region size 2048K, 1 young (2048K), 1 survivors (2048K)
 Metaspace       used 77677K, committed 78336K, reserved 1179648K
  class space    used 10807K, committed 11136K, reserved 1048576K
}
Event: 172.392 GC heap before
{Heap before GC invocations=31 (full 2):
 garbage-first heap   total 524288K, used 174782K [0x0000000701800000, 0x0000000800000000)
  region size 2048K, 40 young (81920K), 1 survivors (2048K)
 Metaspace       used 77749K, committed 78400K, reserved 1179648K
  class space    used 10807K, committed 11136K, reserved 1048576K
}
Event: 172.394 GC heap after
{Heap after GC invocations=32 (full 2):
 garbage-first heap   total 524288K, used 95376K [0x0000000701800000, 0x0000000800000000)
  region size 2048K, 1 young (2048K), 1 survivors (2048K)
 Metaspace       used 77749K, committed 78400K, reserved 1179648K
  class space    used 10807K, committed 11136K, reserved 1048576K
}
Event: 182.447 GC heap before
{Heap before GC invocations=32 (full 2):
 garbage-first heap   total 524288K, used 175248K [0x0000000701800000, 0x0000000800000000)
  region size 2048K, 40 young (81920K), 1 survivors (2048K)
 Metaspace       used 77798K, committed 78464K, reserved 1179648K
  class space    used 10807K, committed 11136K, reserved 1048576K
}
Event: 182.448 GC heap after
{Heap after GC invocations=33 (full 2):
 garbage-first heap   total 524288K, used 95878K [0x0000000701800000, 0x0000000800000000)
  region size 2048K, 2 young (4096K), 2 survivors (4096K)
 Metaspace       used 77798K, committed 78464K, reserved 1179648K
  class space    used 10807K, committed 11136K, reserved 1048576K
}
Event: 190.880 GC heap before
{Heap before GC invocations=33 (full 2):
 garbage-first heap   total 524288K, used 173702K [0x0000000701800000, 0x0000000800000000)
  region size 2048K, 40 young (81920K), 2 survivors (4096K)
 Metaspace       used 77858K, committed 78464K, reserved 1179648K
  class space    used 10809K, committed 11136K, reserved 1048576K
}
Event: 190.882 GC heap after
{Heap after GC invocations=34 (full 2):
 garbage-first heap   total 524288K, used 96455K [0x0000000701800000, 0x0000000800000000)
  region size 2048K, 2 young (4096K), 2 survivors (4096K)
 Metaspace       used 77858K, committed 78464K, reserved 1179648K
  class space    used 10809K, committed 11136K, reserved 1048576K
}
Event: 197.077 GC heap before
{Heap before GC invocations=34 (full 2):
 garbage-first heap   total 524288K, used 174279K [0x0000000701800000, 0x0000000800000000)
  region size 2048K, 40 young (81920K), 2 survivors (4096K)
 Metaspace       used 78303K, committed 78976K, reserved 1179648K
  class space    used 10850K, committed 11200K, reserved 1048576K
}
Event: 197.079 GC heap after
{Heap after GC invocations=35 (full 2):
 garbage-first heap   total 524288K, used 96779K [0x0000000701800000, 0x0000000800000000)
  region size 2048K, 2 young (4096K), 2 survivors (4096K)
 Metaspace       used 78303K, committed 78976K, reserved 1179648K
  class space    used 10850K, committed 11200K, reserved 1048576K
}
Event: 201.189 GC heap before
{Heap before GC invocations=35 (full 2):
 garbage-first heap   total 524288K, used 174603K [0x0000000701800000, 0x0000000800000000)
  region size 2048K, 40 young (81920K), 2 survivors (4096K)
 Metaspace       used 78354K, committed 79040K, reserved 1179648K
  class space    used 10850K, committed 11200K, reserved 1048576K
}
Event: 201.191 GC heap after
{Heap after GC invocations=36 (full 2):
 garbage-first heap   total 524288K, used 96925K [0x0000000701800000, 0x0000000800000000)
  region size 2048K, 2 young (4096K), 2 survivors (4096K)
 Metaspace       used 78354K, committed 79040K, reserved 1179648K
  class space    used 10850K, committed 11200K, reserved 1048576K
}

