# JRE version: OpenJDK Runtime Environment Temurin-17.0.7+7 (17.0.7+7) (build 17.0.7+7)
# Java VM: OpenJDK 64-Bit Server VM Temurin-17.0.7+7 (17.0.7+7, mixed mode, sharing, tiered, compressed oops, compressed class ptrs, g1 gc, windows-amd64)
GC Precious Log:
 CPUs: 16 total, 16 available
 Memory: 32509M
 Large Page Support: Disabled
 NUMA Support: Disabled
 Compressed Oops: Enabled (Zero based)
 Heap Region Size: 2M
 Heap Min Capacity: 512M
 Heap Initial Capacity: 512M
 Heap Max Capacity: 4072M
 Pre-touch: Disabled
 Parallel Workers: 13
 Concurrent Workers: 3
 Concurrent Refinement Workers: 13
 Periodic GC: Disabled
 String Deduplication is enabled
Heap:
 garbage-first heap   total 524288K, used 144199K [0x0000000701800000, 0x0000000800000000)
  region size 2048K, 24 young (49152K), 1 survivors (2048K)
 Metaspace       used 84469K, committed 85248K, reserved 1179648K
  class space    used 11659K, committed 12032K, reserved 1048576K
GC Heap History (20 events):
Event: 81.255 GC heap before
{Heap before GC invocations=33 (full 11):
 garbage-first heap   total 524288K, used 107255K [0x0000000701800000, 0x0000000800000000)
  region size 2048K, 6 young (12288K), 0 survivors (0K)
 Metaspace       used 83666K, committed 84352K, reserved 1179648K
  class space    used 11631K, committed 11968K, reserved 1048576K
}
Event: 81.290 GC heap after
{Heap after GC invocations=34 (full 12):
 garbage-first heap   total 524288K, used 97137K [0x0000000701800000, 0x0000000800000000)
  region size 2048K, 0 young (0K), 0 survivors (0K)
 Metaspace       used 83666K, committed 84352K, reserved 1179648K
  class space    used 11631K, committed 11968K, reserved 1048576K
}
Event: 85.476 GC heap before
{Heap before GC invocations=34 (full 12):
 garbage-first heap   total 524288K, used 179057K [0x0000000701800000, 0x0000000800000000)
  region size 2048K, 40 young (81920K), 0 survivors (0K)
 Metaspace       used 83834K, committed 84544K, reserved 1179648K
  class space    used 11636K, committed 11968K, reserved 1048576K
}
Event: 85.478 GC heap after
{Heap after GC invocations=35 (full 12):
 garbage-first heap   total 524288K, used 98390K [0x0000000701800000, 0x0000000800000000)
  region size 2048K, 1 young (2048K), 1 survivors (2048K)
 Metaspace       used 83834K, committed 84544K, reserved 1179648K
  class space    used 11636K, committed 11968K, reserved 1048576K
}
Event: 102.449 GC heap before
{Heap before GC invocations=35 (full 12):
 garbage-first heap   total 524288K, used 178262K [0x0000000701800000, 0x0000000800000000)
  region size 2048K, 40 young (81920K), 1 survivors (2048K)
 Metaspace       used 83874K, committed 84544K, reserved 1179648K
  class space    used 11637K, committed 11968K, reserved 1048576K
}
Event: 102.451 GC heap after
{Heap after GC invocations=36 (full 12):
 garbage-first heap   total 524288K, used 98305K [0x0000000701800000, 0x0000000800000000)
  region size 2048K, 1 young (2048K), 1 survivors (2048K)
 Metaspace       used 83874K, committed 84544K, reserved 1179648K
  class space    used 11637K, committed 11968K, reserved 1048576K
}
Event: 105.175 GC heap before
{Heap before GC invocations=36 (full 12):
 garbage-first heap   total 524288K, used 178177K [0x0000000701800000, 0x0000000800000000)
  region size 2048K, 40 young (81920K), 1 survivors (2048K)
 Metaspace       used 83934K, committed 84608K, reserved 1179648K
  class space    used 11638K, committed 11968K, reserved 1048576K
}
Event: 105.177 GC heap after
{Heap after GC invocations=37 (full 12):
 garbage-first heap   total 524288K, used 98858K [0x0000000701800000, 0x0000000800000000)
  region size 2048K, 1 young (2048K), 1 survivors (2048K)
 Metaspace       used 83934K, committed 84608K, reserved 1179648K
  class space    used 11638K, committed 11968K, reserved 1048576K
}
Event: 110.048 GC heap before
{Heap before GC invocations=37 (full 12):
 garbage-first heap   total 524288K, used 178730K [0x0000000701800000, 0x0000000800000000)
  region size 2048K, 40 young (81920K), 1 survivors (2048K)
 Metaspace       used 84170K, committed 84800K, reserved 1179648K
  class space    used 11657K, committed 11968K, reserved 1048576K
}
Event: 110.050 GC heap after
{Heap after GC invocations=38 (full 12):
 garbage-first heap   total 524288K, used 99638K [0x0000000701800000, 0x0000000800000000)
  region size 2048K, 2 young (4096K), 2 survivors (4096K)
 Metaspace       used 84170K, committed 84800K, reserved 1179648K
  class space    used 11657K, committed 11968K, reserved 1048576K
}
Event: 120.554 GC heap before
{Heap before GC invocations=38 (full 12):
 garbage-first heap   total 524288K, used 177462K [0x0000000701800000, 0x0000000800000000)
  region size 2048K, 40 young (81920K), 2 survivors (4096K)
 Metaspace       used 84217K, committed 84928K, reserved 1179648K
  class space    used 11658K, committed 11968K, reserved 1048576K
}
Event: 120.555 GC heap after
{Heap after GC invocations=39 (full 12):
 garbage-first heap   total 524288K, used 99311K [0x0000000701800000, 0x0000000800000000)
  region size 2048K, 2 young (4096K), 2 survivors (4096K)
 Metaspace       used 84217K, committed 84928K, reserved 1179648K
  class space    used 11658K, committed 11968K, reserved 1048576K
}
Event: 125.630 GC heap before
{Heap before GC invocations=39 (full 12):
 garbage-first heap   total 524288K, used 177135K [0x0000000701800000, 0x0000000800000000)
  region size 2048K, 40 young (81920K), 2 survivors (4096K)
 Metaspace       used 84272K, committed 84992K, reserved 1179648K
  class space    used 11659K, committed 12032K, reserved 1048576K
}
Event: 125.632 GC heap after
{Heap after GC invocations=40 (full 12):
 garbage-first heap   total 524288K, used 99032K [0x0000000701800000, 0x0000000800000000)
  region size 2048K, 1 young (2048K), 1 survivors (2048K)
 Metaspace       used 84272K, committed 84992K, reserved 1179648K
  class space    used 11659K, committed 12032K, reserved 1048576K
}
Event: 128.010 GC heap before
{Heap before GC invocations=40 (full 12):
 garbage-first heap   total 524288K, used 178904K [0x0000000701800000, 0x0000000800000000)
  region size 2048K, 40 young (81920K), 1 survivors (2048K)
 Metaspace       used 84354K, committed 85120K, reserved 1179648K
  class space    used 11659K, committed 12032K, reserved 1048576K
}
Event: 128.012 GC heap after
{Heap after GC invocations=41 (full 12):
 garbage-first heap   total 524288K, used 99239K [0x0000000701800000, 0x0000000800000000)
  region size 2048K, 2 young (4096K), 2 survivors (4096K)
 Metaspace       used 84354K, committed 85120K, reserved 1179648K
  class space    used 11659K, committed 12032K, reserved 1048576K
}
Event: 134.343 GC heap before
{Heap before GC invocations=41 (full 12):
 garbage-first heap   total 524288K, used 177063K [0x0000000701800000, 0x0000000800000000)
  region size 2048K, 40 young (81920K), 2 survivors (4096K)
 Metaspace       used 84404K, committed 85120K, reserved 1179648K
  class space    used 11659K, committed 12032K, reserved 1048576K
}
Event: 134.345 GC heap after
{Heap after GC invocations=42 (full 12):
 garbage-first heap   total 524288K, used 99241K [0x0000000701800000, 0x0000000800000000)
  region size 2048K, 2 young (4096K), 2 survivors (4096K)
 Metaspace       used 84404K, committed 85120K, reserved 1179648K
  class space    used 11659K, committed 12032K, reserved 1048576K
}
Event: 152.784 GC heap before
{Heap before GC invocations=42 (full 12):
 garbage-first heap   total 524288K, used 177065K [0x0000000701800000, 0x0000000800000000)
  region size 2048K, 41 young (83968K), 2 survivors (4096K)
 Metaspace       used 84445K, committed 85184K, reserved 1179648K
  class space    used 11659K, committed 12032K, reserved 1048576K
}
Event: 152.786 GC heap after
{Heap after GC invocations=43 (full 12):
 garbage-first heap   total 524288K, used 99143K [0x0000000701800000, 0x0000000800000000)
  region size 2048K, 1 young (2048K), 1 survivors (2048K)
 Metaspace       used 84445K, committed 85184K, reserved 1179648K
  class space    used 11659K, committed 12032K, reserved 1048576K
}

